生成启动时间为 2017/6/9 15:56:21。
     1>项目“F:\代码\软工第一次上机，软工1505胡天池U201517124\软工第一次上机，软工1505胡天池U201517124\软工第一次上机，软工1505胡天池U201517124.vcxproj”在节点 2 上(Build 个目标)。
     1>ClCompile:
         F:\Visual Studio\VC\bin\CL.exe /c /ZI /nologo /W3 /WX- /sdl /Od /Oy- /D WIN32 /D _DEBUG /D _CONSOLE /D _UNICODE /D UNICODE /Gm /EHsc /RTC1 /MDd /GS /fp:precise /Zc:wchar_t /Zc:forScope /Zc:inline /Fo"Debug\\" /Fd"Debug\vc140.pdb" /Gd /TP /analyze- /errorReport:prompt "源.cpp"
         源.cpp
     1>f:\代码\软工第一次上机，软工1505胡天池u201517124\软工第一次上机，软工1505胡天池u201517124\源.cpp(11): error C2065: “circlesHead”: 未声明的标识符
     1>f:\代码\软工第一次上机，软工1505胡天池u201517124\软工第一次上机，软工1505胡天池u201517124\源.cpp(11): error C2227: “->next”的左边必须指向类/结构/联合/泛型类型
         f:\代码\软工第一次上机，软工1505胡天池u201517124\软工第一次上机，软工1505胡天池u201517124\源.cpp(11): note: 类型是“unknown-type”
     1>f:\代码\软工第一次上机，软工1505胡天池u201517124\软工第一次上机，软工1505胡天池u201517124\源.cpp(12): error C2065: “null”: 未声明的标识符
     1>f:\代码\软工第一次上机，软工1505胡天池u201517124\软工第一次上机，软工1505胡天池u201517124\源.cpp(26): error C2065: “CieclesHead”: 未声明的标识符
     1>f:\代码\软工第一次上机，软工1505胡天池u201517124\软工第一次上机，软工1505胡天池u201517124\源.cpp(26): error C2227: “->next”的左边必须指向类/结构/联合/泛型类型
         f:\代码\软工第一次上机，软工1505胡天池u201517124\软工第一次上机，软工1505胡天池u201517124\源.cpp(26): note: 类型是“unknown-type”
     1>f:\代码\软工第一次上机，软工1505胡天池u201517124\软工第一次上机，软工1505胡天池u201517124\源.cpp(28): error C2065: “M”: 未声明的标识符
     1>f:\代码\软工第一次上机，软工1505胡天池u201517124\软工第一次上机，软工1505胡天池u201517124\源.cpp(30): error C2065: “STEPSIZE”: 未声明的标识符
     1>f:\代码\软工第一次上机，软工1505胡天池u201517124\软工第一次上机，软工1505胡天池u201517124\源.cpp(32): error C2065: “STEPSIZE”: 未声明的标识符
     1>f:\代码\软工第一次上机，软工1505胡天池u201517124\软工第一次上机，软工1505胡天池u201517124\源.cpp(33): error C2065: “STEPSIZE”: 未声明的标识符
     1>f:\代码\软工第一次上机，软工1505胡天池u201517124\软工第一次上机，软工1505胡天池u201517124\源.cpp(47): error C2065: “STEPSIZE”: 未声明的标识符
     1>f:\代码\软工第一次上机，软工1505胡天池u201517124\软工第一次上机，软工1505胡天池u201517124\源.cpp(48): error C2065: “STEPSIZE”: 未声明的标识符
     1>已完成生成项目“F:\代码\软工第一次上机，软工1505胡天池U201517124\软工第一次上机，软工1505胡天池U201517124\软工第一次上机，软工1505胡天池U201517124.vcxproj”(Build 个目标)的操作 - 失败。

生成失败。

已用时间 00:00:00.17
